<?xml version="1.0" encoding="UTF-8"?>
<!-- Generated by org.testng.reporters.JUnitXMLReporter -->
<testsuite ignored="1" hostname="LAPTOP-0HF02HIL" failures="0" tests="1" name="Default test" time="1.994" errors="0" timestamp="28 Jul 2024 14:23:48 GMT">
  <testcase classname="PDFValidation.PDFValidationTest" name="pdfValidationTestOnline" time="1.973"/>
  <testcase classname="PDFValidation.PDFValidationTest" name="pdfValidationTestOffline" time="0.0">
    <ignored/>
  </testcase> <!-- pdfValidationTestOffline -->
</testsuite> <!-- Default test -->
